2026.02.10 20:16:30 INFO  Started: Metals version 1.6.5 in folders '/home/chooaa/HW_formal_verification/xfuzz' for client Visual Studio Code 1.98.2.[0m
2026.02.10 20:16:30 INFO  Memory monitor started[0m
2026.02.10 20:16:30 WARN  Using H2 2.4.240 which is newer than the version Flyway has been verified with. The latest verified version of H2 is 2.3.232.[0m
2026.02.10 20:16:30 INFO  no build target found for /home/chooaa/HW_formal_verification/xfuzz/instrumentation/src/sic/ToggleCoveragePass.scala. Using presentation compiler with project's scala-library version: 3.3.7[0m
Feb 10, 2026 8:16:32 PM org.eclipse.lsp4j.jsonrpc.RemoteEndpoint handleCancellation
WARNING: Unmatched cancel notification for request id 2
2026.02.10 20:16:32 INFO  no build target found for /home/chooaa/HW_formal_verification/xfuzz/instrumentation/src/sic/ToggleCoveragePass.scala. Using presentation compiler with project's scala-library version: 3.3.7[0m
2026.02.10 20:16:32 INFO  no build target found for /home/chooaa/HW_formal_verification/xfuzz/instrumentation/src/sic/ToggleCoveragePass.scala. Using presentation compiler with project's scala-library version: 3.3.7[0m
2026.02.10 20:16:32 INFO  no build target found for /home/chooaa/HW_formal_verification/xfuzz/instrumentation/src/sic/ToggleCoveragePass.scala. Using presentation compiler with project's scala-library version: 3.3.7[0m
2026.02.10 20:16:37 INFO  Running List(/usr/local/bin/scala-cli, setup-ide, /home/chooaa/HW_formal_verification/xfuzz)[0m
2026.02.10 20:16:37 INFO  Attempting to connect to the build server...[0m
2026.02.10 20:16:37 INFO  Running BSP server List(/usr/local/bin/scala-cli, bsp, --json-options, /home/chooaa/HW_formal_verification/xfuzz/.scala-build/ide-options-v2.json, --json-launcher-options, /home/chooaa/HW_formal_verification/xfuzz/.scala-build/ide-launcher-options.json, --envs-file, /home/chooaa/HW_formal_verification/xfuzz/.scala-build/ide-envs.json, /home/chooaa/HW_formal_verification/xfuzz)[0m
2026.02.10 20:16:37 INFO  tracing is disabled for protocol BSP, to enable tracing of incoming and outgoing JSON messages create an empty file at /home/chooaa/HW_formal_verification/xfuzz/.metals/bsp.trace.json or /home/chooaa/.cache/metals/bsp.trace.json[0m
2026.02.10 20:16:38 INFO  time: Connected to build server in 0.54s[0m
2026.02.10 20:16:37 INFO  Connected to Build server: scala-cli v1.5.1[0m
2026.02.10 20:16:37 INFO  compiling xfuzz_f4dd477a3a (38 scala sources)[0m
2026.02.10 20:16:40 WARN  Could not find java sources in /usr/lib/jvm/src.zip, /usr/lib/jvm/lib/src.zip, /usr/lib/jvm/java-17-openjdk-amd64/src.zip, /usr/lib/jvm/java-17-openjdk-amd64/lib/src.zip. Java symbols will not be available.[0m
2026.02.10 20:16:40 INFO  time: compiled xfuzz_f4dd477a3a in 2.39s[0m
2026.02.10 20:16:40 INFO  compiling xfuzz_f4dd477a3a (38 scala sources)[0m
2026.02.10 20:16:42 INFO  time: indexed workspace in 3.67s[0m
2026.02.10 20:16:42 INFO  time: compiled xfuzz_f4dd477a3a in 1.59s[0m
2026.02.10 20:16:42 INFO  compiling xfuzz_f4dd477a3a (38 scala sources)[0m
2026.02.10 20:16:44 INFO  time: compiled xfuzz_f4dd477a3a in 1.33s[0m
2026.02.10 20:19:32 INFO  Shut down connection with build server.[0m
2026.02.11 18:51:54 INFO  Started: Metals version 1.6.5 in folders '/home/chooaa/HW_formal_verification/xfuzz' for client Visual Studio Code 1.98.2.[0m
2026.02.11 18:51:54 INFO  Memory monitor started[0m
Feb 11, 2026 6:51:55 PM org.eclipse.lsp4j.jsonrpc.services.GenericEndpoint notify
INFO: Unsupported notification method: $/setTrace
2026.02.11 18:51:56 WARN  Using H2 2.4.240 which is newer than the version Flyway has been verified with. The latest verified version of H2 is 2.3.232.[0m
2026.02.11 18:51:56 INFO  Attempting to connect to the build server...[0m
2026.02.11 18:51:56 INFO  Running BSP server List(/usr/local/bin/scala-cli, bsp, --json-options, /home/chooaa/HW_formal_verification/xfuzz/.scala-build/ide-options-v2.json, --json-launcher-options, /home/chooaa/HW_formal_verification/xfuzz/.scala-build/ide-launcher-options.json, --envs-file, /home/chooaa/HW_formal_verification/xfuzz/.scala-build/ide-envs.json, /home/chooaa/HW_formal_verification/xfuzz)[0m
2026.02.11 18:51:56 INFO  tracing is disabled for protocol BSP, to enable tracing of incoming and outgoing JSON messages create an empty file at /home/chooaa/HW_formal_verification/xfuzz/.metals/bsp.trace.json or /home/chooaa/.cache/metals/bsp.trace.json[0m
2026.02.11 18:51:57 INFO  time: Connected to build server in 0.99s[0m
2026.02.11 18:51:57 INFO  Connected to Build server: scala-cli v1.5.1[0m
2026.02.11 18:51:58 INFO  compiling xfuzz_f4dd477a3a (38 scala sources)[0m
2026.02.11 18:52:01 WARN  Could not find java sources in /usr/lib/jvm/src.zip, /usr/lib/jvm/lib/src.zip, /usr/lib/jvm/java-17-openjdk-amd64/src.zip, /usr/lib/jvm/java-17-openjdk-amd64/lib/src.zip. Java symbols will not be available.[0m
2026.02.11 18:52:01 INFO  time: indexed workspace in 3.7s[0m
2026.02.11 18:52:07 INFO  time: compiled xfuzz_f4dd477a3a in 9.11s[0m
2026.02.11 18:52:07 INFO  compiling xfuzz_f4dd477a3a (38 scala sources)[0m
2026.02.11 18:52:09 INFO  time: compiled xfuzz_f4dd477a3a in 2.03s[0m
2026.02.11 18:57:33 INFO  BSP server: got error:[0m
2026.02.11 18:57:33 INFO  BSP server: java.nio.file.NoSuchFileException: /home/chooaa/HW_formal_verification/xfuzz/LibAFL/fuzzers/binary_only/frida_executable_libpng/corpus[0m
2026.02.11 18:57:33 INFO  BSP server:   java.base@17.0.6/sun.nio.fs.UnixPath.toRealPath(UnixPath.java:825)[0m
2026.02.11 18:57:33 INFO  BSP server:   com.swoval.files.SymlinkWatcher.addSymlink(SymlinkWatcher.java:194)[0m
2026.02.11 18:57:33 INFO  BSP server:   com.swoval.files.SymlinkFollowingPathWatcher$1.onNext(SymlinkFollowingPathWatcher.java:48)[0m
2026.02.11 18:57:33 INFO  BSP server:   com.swoval.files.SymlinkFollowingPathWatcher$1.onNext(SymlinkFollowingPathWatcher.java:36)[0m
2026.02.11 18:57:33 INFO  BSP server:   com.swoval.files.Observers.onNext(Observers.java:31)[0m
2026.02.11 18:57:33 INFO  BSP server:   com.swoval.files.NioPathWatcher.runCallbacks(NioPathWatcher.java:462)[0m
2026.02.11 18:57:33 INFO  BSP server:   com.swoval.files.NioPathWatcher.handleEvent(NioPathWatcher.java:486)[0m
2026.02.11 18:57:33 INFO  BSP server:   com.swoval.files.NioPathWatcher.access$300(NioPathWatcher.java:35)[0m
2026.02.11 18:57:33 INFO  BSP server:   com.swoval.files.NioPathWatcher$2.accept(NioPathWatcher.java:108)[0m
2026.02.11 18:57:33 INFO  BSP server:   com.swoval.files.NioPathWatcher$2.accept(NioPathWatcher.java:102)[0m
2026.02.11 18:57:33 INFO  BSP server:   com.swoval.files.NioPathWatcherService$2.run(NioPathWatcherService.java:95)[0m
2026.02.11 18:57:33 INFO  BSP server:   com.oracle.svm.core.thread.PlatformThreads.threadStartRoutine(PlatformThreads.java:775)[0m
2026.02.11 18:57:33 INFO  BSP server:   com.oracle.svm.core.posix.thread.PosixPlatformThreads.pthreadStartRoutine(PosixPlatformThreads.java:203)[0m
2026.02.11 18:57:33 INFO  BSP server: [0m
2026.02.11 18:57:33 INFO  BSP server: got error:[0m
2026.02.11 18:57:33 INFO  BSP server: java.nio.file.NoSuchFileException: /home/chooaa/HW_formal_verification/xfuzz/LibAFL/fuzzers/binary_only/frida_libpng/corpus[0m
2026.02.11 18:57:33 INFO  BSP server:   java.base@17.0.6/sun.nio.fs.UnixPath.toRealPath(UnixPath.java:825)[0m
2026.02.11 18:57:33 INFO  BSP server:   com.swoval.files.SymlinkWatcher.addSymlink(SymlinkWatcher.java:194)[0m
2026.02.11 18:57:33 INFO  BSP server:   com.swoval.files.SymlinkFollowingPathWatcher$1.onNext(SymlinkFollowingPathWatcher.java:48)[0m
2026.02.11 18:57:33 INFO  BSP server:   com.swoval.files.SymlinkFollowingPathWatcher$1.onNext(SymlinkFollowingPathWatcher.java:36)[0m
2026.02.11 18:57:33 INFO  BSP server:   com.swoval.files.Observers.onNext(Observers.java:31)[0m
2026.02.11 18:57:33 INFO  BSP server:   com.swoval.files.NioPathWatcher.runCallbacks(NioPathWatcher.java:462)[0m
2026.02.11 18:57:33 INFO  BSP server:   com.swoval.files.NioPathWatcher.handleEvent(NioPathWatcher.java:486)[0m
2026.02.11 18:57:33 INFO  BSP server:   com.swoval.files.NioPathWatcher.access$300(NioPathWatcher.java:35)[0m
2026.02.11 18:57:33 INFO  BSP server:   com.swoval.files.NioPathWatcher$2.accept(NioPathWatcher.java:108)[0m
2026.02.11 18:57:33 INFO  BSP server:   com.swoval.files.NioPathWatcher$2.accept(NioPathWatcher.java:102)[0m
2026.02.11 18:57:33 INFO  BSP server:   com.swoval.files.NioPathWatcherService$2.run(NioPathWatcherService.java:95)[0m
2026.02.11 18:57:33 INFO  BSP server:   com.oracle.svm.core.thread.PlatformThreads.threadStartRoutine(PlatformThreads.java:775)[0m
2026.02.11 18:57:33 INFO  BSP server:   com.oracle.svm.core.posix.thread.PosixPlatformThreads.pthreadStartRoutine(PosixPlatformThreads.java:203)[0m
2026.02.11 18:57:33 INFO  BSP server: [0m
2026.02.11 18:57:33 INFO  BSP server: got error:[0m
2026.02.11 18:57:33 INFO  BSP server: java.nio.file.NoSuchFileException: /home/chooaa/HW_formal_verification/xfuzz/LibAFL/fuzzers/binary_only/frida_windows_gdiplus/corpus[0m
2026.02.11 18:57:33 INFO  BSP server:   java.base@17.0.6/sun.nio.fs.UnixPath.toRealPath(UnixPath.java:825)[0m
2026.02.11 18:57:33 INFO  BSP server:   com.swoval.files.SymlinkWatcher.addSymlink(SymlinkWatcher.java:194)[0m
2026.02.11 18:57:33 INFO  BSP server:   com.swoval.files.SymlinkFollowingPathWatcher$1.onNext(SymlinkFollowingPathWatcher.java:48)[0m
2026.02.11 18:57:33 INFO  BSP server:   com.swoval.files.SymlinkFollowingPathWatcher$1.onNext(SymlinkFollowingPathWatcher.java:36)[0m
2026.02.11 18:57:33 INFO  BSP server:   com.swoval.files.Observers.onNext(Observers.java:31)[0m
2026.02.11 18:57:33 INFO  BSP server:   com.swoval.files.NioPathWatcher.runCallbacks(NioPathWatcher.java:462)[0m
2026.02.11 18:57:33 INFO  BSP server:   com.swoval.files.NioPathWatcher.handleEvent(NioPathWatcher.java:486)[0m
2026.02.11 18:57:33 INFO  BSP server:   com.swoval.files.NioPathWatcher.access$300(NioPathWatcher.java:35)[0m
2026.02.11 18:57:33 INFO  BSP server:   com.swoval.files.NioPathWatcher$2.accept(NioPathWatcher.java:108)[0m
2026.02.11 18:57:33 INFO  BSP server:   com.swoval.files.NioPathWatcher$2.accept(NioPathWatcher.java:102)[0m
2026.02.11 18:57:33 INFO  BSP server:   com.swoval.files.NioPathWatcherService$2.run(NioPathWatcherService.java:95)[0m
2026.02.11 18:57:33 INFO  BSP server:   com.oracle.svm.core.thread.PlatformThreads.threadStartRoutine(PlatformThreads.java:775)[0m
2026.02.11 18:57:33 INFO  BSP server:   com.oracle.svm.core.posix.thread.PosixPlatformThreads.pthreadStartRoutine(PosixPlatformThreads.java:203)[0m
2026.02.11 18:57:33 INFO  BSP server: [0m
2026.02.11 18:57:33 INFO  BSP server: got error:[0m
2026.02.11 18:57:33 INFO  BSP server: java.nio.file.NoSuchFileException: /home/chooaa/HW_formal_verification/xfuzz/LibAFL/fuzzers/binary_only/fuzzbench_fork_qemu/corpus[0m
2026.02.11 18:57:33 INFO  BSP server:   java.base@17.0.6/sun.nio.fs.UnixPath.toRealPath(UnixPath.java:825)[0m
2026.02.11 18:57:33 INFO  BSP server:   com.swoval.files.SymlinkWatcher.addSymlink(SymlinkWatcher.java:194)[0m
2026.02.11 18:57:33 INFO  BSP server:   com.swoval.files.SymlinkFollowingPathWatcher$1.onNext(SymlinkFollowingPathWatcher.java:48)[0m
2026.02.11 18:57:33 INFO  BSP server:   com.swoval.files.SymlinkFollowingPathWatcher$1.onNext(SymlinkFollowingPathWatcher.java:36)[0m
2026.02.11 18:57:33 INFO  BSP server:   com.swoval.files.Observers.onNext(Observers.java:31)[0m
2026.02.11 18:57:33 INFO  BSP server:   com.swoval.files.NioPathWatcher.runCallbacks(NioPathWatcher.java:462)[0m
2026.02.11 18:57:33 INFO  BSP server:   com.swoval.files.NioPathWatcher.handleEvent(NioPathWatcher.java:486)[0m
2026.02.11 18:57:33 INFO  BSP server:   com.swoval.files.NioPathWatcher.access$300(NioPathWatcher.java:35)[0m
2026.02.11 18:57:33 INFO  BSP server:   com.swoval.files.NioPathWatcher$2.accept(NioPathWatcher.java:108)[0m
2026.02.11 18:57:33 INFO  BSP server:   com.swoval.files.NioPathWatcher$2.accept(NioPathWatcher.java:102)[0m
2026.02.11 18:57:33 INFO  BSP server:   com.swoval.files.NioPathWatcherService$2.run(NioPathWatcherService.java:95)[0m
2026.02.11 18:57:33 INFO  BSP server:   com.oracle.svm.core.thread.PlatformThreads.threadStartRoutine(PlatformThreads.java:775)[0m
2026.02.11 18:57:33 INFO  BSP server:   com.oracle.svm.core.posix.thread.PosixPlatformThreads.pthreadStartRoutine(PosixPlatformThreads.java:203)[0m
2026.02.11 18:57:33 INFO  BSP server: [0m
2026.02.11 18:57:33 INFO  BSP server: got error:[0m
2026.02.11 18:57:33 INFO  BSP server: java.nio.file.NoSuchFileException: /home/chooaa/HW_formal_verification/xfuzz/LibAFL/fuzzers/binary_only/fuzzbench_qemu/corpus[0m
2026.02.11 18:57:33 INFO  BSP server:   java.base@17.0.6/sun.nio.fs.UnixPath.toRealPath(UnixPath.java:825)[0m
2026.02.11 18:57:33 INFO  BSP server:   com.swoval.files.SymlinkWatcher.addSymlink(SymlinkWatcher.java:194)[0m
2026.02.11 18:57:33 INFO  BSP server:   com.swoval.files.SymlinkFollowingPathWatcher$1.onNext(SymlinkFollowingPathWatcher.java:48)[0m
2026.02.11 18:57:33 INFO  BSP server:   com.swoval.files.SymlinkFollowingPathWatcher$1.onNext(SymlinkFollowingPathWatcher.java:36)[0m
2026.02.11 18:57:33 INFO  BSP server:   com.swoval.files.Observers.onNext(Observers.java:31)[0m
2026.02.11 18:57:33 INFO  BSP server:   com.swoval.files.NioPathWatcher.runCallbacks(NioPathWatcher.java:462)[0m
2026.02.11 18:57:33 INFO  BSP server:   com.swoval.files.NioPathWatcher.handleEvent(NioPathWatcher.java:486)[0m
2026.02.11 18:57:33 INFO  BSP server:   com.swoval.files.NioPathWatcher.access$300(NioPathWatcher.java:35)[0m
2026.02.11 18:57:33 INFO  BSP server:   com.swoval.files.NioPathWatcher$2.accept(NioPathWatcher.java:108)[0m
2026.02.11 18:57:33 INFO  BSP server:   com.swoval.files.NioPathWatcher$2.accept(NioPathWatcher.java:102)[0m
2026.02.11 18:57:33 INFO  BSP server:   com.swoval.files.NioPathWatcherService$2.run(NioPathWatcherService.java:95)[0m
2026.02.11 18:57:33 INFO  BSP server:   com.oracle.svm.core.thread.PlatformThreads.threadStartRoutine(PlatformThreads.java:775)[0m
2026.02.11 18:57:33 INFO  BSP server:   com.oracle.svm.core.posix.thread.PosixPlatformThreads.pthreadStartRoutine(PosixPlatformThreads.java:203)[0m
2026.02.11 18:57:33 INFO  BSP server: [0m
2026.02.11 18:57:33 INFO  BSP server: got error:[0m
2026.02.11 18:57:33 INFO  BSP server: java.nio.file.NoSuchFileException: /home/chooaa/HW_formal_verification/xfuzz/LibAFL/fuzzers/binary_only/qemu_cmin/corpus[0m
2026.02.11 18:57:33 INFO  BSP server:   java.base@17.0.6/sun.nio.fs.UnixPath.toRealPath(UnixPath.java:825)[0m
2026.02.11 18:57:33 INFO  BSP server:   com.swoval.files.SymlinkWatcher.addSymlink(SymlinkWatcher.java:194)[0m
2026.02.11 18:57:33 INFO  BSP server:   com.swoval.files.SymlinkFollowingPathWatcher$1.onNext(SymlinkFollowingPathWatcher.java:48)[0m
2026.02.11 18:57:33 INFO  BSP server:   com.swoval.files.SymlinkFollowingPathWatcher$1.onNext(SymlinkFollowingPathWatcher.java:36)[0m
2026.02.11 18:57:33 INFO  BSP server:   com.swoval.files.Observers.onNext(Observers.java:31)[0m
2026.02.11 18:57:33 INFO  BSP server:   com.swoval.files.NioPathWatcher.runCallbacks(NioPathWatcher.java:462)[0m
2026.02.11 18:57:33 INFO  BSP server:   com.swoval.files.NioPathWatcher.handleEvent(NioPathWatcher.java:486)[0m
2026.02.11 18:57:33 INFO  BSP server:   com.swoval.files.NioPathWatcher.access$300(NioPathWatcher.java:35)[0m
2026.02.11 18:57:33 INFO  BSP server:   com.swoval.files.NioPathWatcher$2.accept(NioPathWatcher.java:108)[0m
2026.02.11 18:57:33 INFO  BSP server:   com.swoval.files.NioPathWatcher$2.accept(NioPathWatcher.java:102)[0m
2026.02.11 18:57:33 INFO  BSP server:   com.swoval.files.NioPathWatcherService$2.run(NioPathWatcherService.java:95)[0m
2026.02.11 18:57:33 INFO  BSP server:   com.oracle.svm.core.thread.PlatformThreads.threadStartRoutine(PlatformThreads.java:775)[0m
2026.02.11 18:57:33 INFO  BSP server:   com.oracle.svm.core.posix.thread.PosixPlatformThreads.pthreadStartRoutine(PosixPlatformThreads.java:203)[0m
2026.02.11 18:57:33 INFO  BSP server: [0m
2026.02.11 18:57:33 INFO  BSP server: got error:[0m
2026.02.11 18:57:33 INFO  BSP server: java.nio.file.NoSuchFileException: /home/chooaa/HW_formal_verification/xfuzz/LibAFL/fuzzers/binary_only/qemu_coverage/corpus[0m
2026.02.11 18:57:33 INFO  BSP server:   java.base@17.0.6/sun.nio.fs.UnixPath.toRealPath(UnixPath.java:825)[0m
2026.02.11 18:57:33 INFO  BSP server:   com.swoval.files.SymlinkWatcher.addSymlink(SymlinkWatcher.java:194)[0m
2026.02.11 18:57:33 INFO  BSP server:   com.swoval.files.SymlinkFollowingPathWatcher$1.onNext(SymlinkFollowingPathWatcher.java:48)[0m
2026.02.11 18:57:33 INFO  BSP server:   com.swoval.files.SymlinkFollowingPathWatcher$1.onNext(SymlinkFollowingPathWatcher.java:36)[0m
2026.02.11 18:57:33 INFO  BSP server:   com.swoval.files.Observers.onNext(Observers.java:31)[0m
2026.02.11 18:57:33 INFO  BSP server:   com.swoval.files.NioPathWatcher.runCallbacks(NioPathWatcher.java:462)[0m
2026.02.11 18:57:33 INFO  BSP server:   com.swoval.files.NioPathWatcher.handleEvent(NioPathWatcher.java:486)[0m
2026.02.11 18:57:33 INFO  BSP server:   com.swoval.files.NioPathWatcher.access$300(NioPathWatcher.java:35)[0m
2026.02.11 18:57:33 INFO  BSP server:   com.swoval.files.NioPathWatcher$2.accept(NioPathWatcher.java:108)[0m
2026.02.11 18:57:33 INFO  BSP server:   com.swoval.files.NioPathWatcher$2.accept(NioPathWatcher.java:102)[0m
2026.02.11 18:57:33 INFO  BSP server:   com.swoval.files.NioPathWatcherService$2.run(NioPathWatcherService.java:95)[0m
2026.02.11 18:57:33 INFO  BSP server:   com.oracle.svm.core.thread.PlatformThreads.threadStartRoutine(PlatformThreads.java:775)[0m
2026.02.11 18:57:33 INFO  BSP server:   com.oracle.svm.core.posix.thread.PosixPlatformThreads.pthreadStartRoutine(PosixPlatformThreads.java:203)[0m
2026.02.11 18:57:33 INFO  BSP server: [0m
2026.02.11 18:57:33 INFO  BSP server: got error:[0m
2026.02.11 18:57:33 INFO  BSP server: java.nio.file.NoSuchFileException: /home/chooaa/HW_formal_verification/xfuzz/LibAFL/fuzzers/binary_only/qemu_launcher/corpus[0m
2026.02.11 18:57:33 INFO  BSP server:   java.base@17.0.6/sun.nio.fs.UnixPath.toRealPath(UnixPath.java:825)[0m
2026.02.11 18:57:33 INFO  BSP server:   com.swoval.files.SymlinkWatcher.addSymlink(SymlinkWatcher.java:194)[0m
2026.02.11 18:57:33 INFO  BSP server:   com.swoval.files.SymlinkFollowingPathWatcher$1.onNext(SymlinkFollowingPathWatcher.java:48)[0m
2026.02.11 18:57:33 INFO  BSP server:   com.swoval.files.SymlinkFollowingPathWatcher$1.onNext(SymlinkFollowingPathWatcher.java:36)[0m
2026.02.11 18:57:33 INFO  BSP server:   com.swoval.files.Observers.onNext(Observers.java:31)[0m
2026.02.11 18:57:33 INFO  BSP server:   com.swoval.files.NioPathWatcher.runCallbacks(NioPathWatcher.java:462)[0m
2026.02.11 18:57:33 INFO  BSP server:   com.swoval.files.NioPathWatcher.handleEvent(NioPathWatcher.java:486)[0m
2026.02.11 18:57:33 INFO  BSP server:   com.swoval.files.NioPathWatcher.access$300(NioPathWatcher.java:35)[0m
2026.02.11 18:57:33 INFO  BSP server:   com.swoval.files.NioPathWatcher$2.accept(NioPathWatcher.java:108)[0m
2026.02.11 18:57:33 INFO  BSP server:   com.swoval.files.NioPathWatcher$2.accept(NioPathWatcher.java:102)[0m
2026.02.11 18:57:33 INFO  BSP server:   com.swoval.files.NioPathWatcherService$2.run(NioPathWatcherService.java:95)[0m
2026.02.11 18:57:33 INFO  BSP server:   com.oracle.svm.core.thread.PlatformThreads.threadStartRoutine(PlatformThreads.java:775)[0m
2026.02.11 18:57:33 INFO  BSP server:   com.oracle.svm.core.posix.thread.PosixPlatformThreads.pthreadStartRoutine(PosixPlatformThreads.java:203)[0m
2026.02.11 18:57:33 INFO  BSP server: [0m
2026.02.11 18:57:33 INFO  BSP server: got error:[0m
2026.02.11 18:57:33 INFO  BSP server: java.nio.file.NoSuchFileException: /home/chooaa/HW_formal_verification/xfuzz/LibAFL/fuzzers/inprocess/libfuzzer_libpng/corpus[0m
2026.02.11 18:57:33 INFO  BSP server:   java.base@17.0.6/sun.nio.fs.UnixPath.toRealPath(UnixPath.java:825)[0m
2026.02.11 18:57:33 INFO  BSP server:   com.swoval.files.SymlinkWatcher.addSymlink(SymlinkWatcher.java:194)[0m
2026.02.11 18:57:33 INFO  BSP server:   com.swoval.files.SymlinkFollowingPathWatcher$1.onNext(SymlinkFollowingPathWatcher.java:48)[0m
2026.02.11 18:57:33 INFO  BSP server:   com.swoval.files.SymlinkFollowingPathWatcher$1.onNext(SymlinkFollowingPathWatcher.java:36)[0m
2026.02.11 18:57:33 INFO  BSP server:   com.swoval.files.Observers.onNext(Observers.java:31)[0m
2026.02.11 18:57:33 INFO  BSP server:   com.swoval.files.NioPathWatcher.runCallbacks(NioPathWatcher.java:462)[0m
2026.02.11 18:57:33 INFO  BSP server:   com.swoval.files.NioPathWatcher.handleEvent(NioPathWatcher.java:486)[0m
2026.02.11 18:57:33 INFO  BSP server:   com.swoval.files.NioPathWatcher.access$300(NioPathWatcher.java:35)[0m
2026.02.11 18:57:33 INFO  BSP server:   com.swoval.files.NioPathWatcher$2.accept(NioPathWatcher.java:108)[0m
2026.02.11 18:57:33 INFO  BSP server:   com.swoval.files.NioPathWatcher$2.accept(NioPathWatcher.java:102)[0m
2026.02.11 18:57:33 INFO  BSP server:   com.swoval.files.NioPathWatcherService$2.run(NioPathWatcherService.java:95)[0m
2026.02.11 18:57:33 INFO  BSP server:   com.oracle.svm.core.thread.PlatformThreads.threadStartRoutine(PlatformThreads.java:775)[0m
2026.02.11 18:57:33 INFO  BSP server:   com.oracle.svm.core.posix.thread.PosixPlatformThreads.pthreadStartRoutine(PosixPlatformThreads.java:203)[0m
2026.02.11 18:57:33 INFO  BSP server: [0m
2026.02.11 18:57:33 INFO  BSP server: got error:[0m
2026.02.11 18:57:33 INFO  BSP server: java.nio.file.NoSuchFileException: /home/chooaa/HW_formal_verification/xfuzz/LibAFL/fuzzers/inprocess/libfuzzer_libpng_accounting/corpus[0m
2026.02.11 18:57:33 INFO  BSP server:   java.base@17.0.6/sun.nio.fs.UnixPath.toRealPath(UnixPath.java:825)[0m
2026.02.11 18:57:33 INFO  BSP server:   com.swoval.files.SymlinkWatcher.addSymlink(SymlinkWatcher.java:194)[0m
2026.02.11 18:57:33 INFO  BSP server:   com.swoval.files.SymlinkFollowingPathWatcher$1.onNext(SymlinkFollowingPathWatcher.java:48)[0m
2026.02.11 18:57:33 INFO  BSP server:   com.swoval.files.SymlinkFollowingPathWatcher$1.onNext(SymlinkFollowingPathWatcher.java:36)[0m
2026.02.11 18:57:33 INFO  BSP server:   com.swoval.files.Observers.onNext(Observers.java:31)[0m
2026.02.11 18:57:33 INFO  BSP server:   com.swoval.files.NioPathWatcher.runCallbacks(NioPathWatcher.java:462)[0m
2026.02.11 18:57:33 INFO  BSP server:   com.swoval.files.NioPathWatcher.handleEvent(NioPathWatcher.java:486)[0m
2026.02.11 18:57:33 INFO  BSP server:   com.swoval.files.NioPathWatcher.access$300(NioPathWatcher.java:35)[0m
2026.02.11 18:57:33 INFO  BSP server:   com.swoval.files.NioPathWatcher$2.accept(NioPathWatcher.java:108)[0m
2026.02.11 18:57:33 INFO  BSP server:   com.swoval.files.NioPathWatcher$2.accept(NioPathWatcher.java:102)[0m
2026.02.11 18:57:33 INFO  BSP server:   com.swoval.files.NioPathWatcherService$2.run(NioPathWatcherService.java:95)[0m
2026.02.11 18:57:33 INFO  BSP server:   com.oracle.svm.core.thread.PlatformThreads.threadStartRoutine(PlatformThreads.java:775)[0m
2026.02.11 18:57:33 INFO  BSP server:   com.oracle.svm.core.posix.thread.PosixPlatformThreads.pthreadStartRoutine(PosixPlatformThreads.java:203)[0m
2026.02.11 18:57:33 INFO  BSP server: [0m
2026.02.11 18:57:33 INFO  BSP server: got error:[0m
2026.02.11 18:57:33 INFO  BSP server: java.nio.file.NoSuchFileException: /home/chooaa/HW_formal_verification/xfuzz/LibAFL/fuzzers/inprocess/libfuzzer_libpng_centralized/corpus[0m
2026.02.11 18:57:33 INFO  BSP server:   java.base@17.0.6/sun.nio.fs.UnixPath.toRealPath(UnixPath.java:825)[0m
2026.02.11 18:57:33 INFO  BSP server:   com.swoval.files.SymlinkWatcher.addSymlink(SymlinkWatcher.java:194)[0m
2026.02.11 18:57:33 INFO  BSP server:   com.swoval.files.SymlinkFollowingPathWatcher$1.onNext(SymlinkFollowingPathWatcher.java:48)[0m
2026.02.11 18:57:33 INFO  BSP server:   com.swoval.files.SymlinkFollowingPathWatcher$1.onNext(SymlinkFollowingPathWatcher.java:36)[0m
2026.02.11 18:57:33 INFO  BSP server:   com.swoval.files.Observers.onNext(Observers.java:31)[0m
2026.02.11 18:57:33 INFO  BSP server:   com.swoval.files.NioPathWatcher.runCallbacks(NioPathWatcher.java:462)[0m
2026.02.11 18:57:33 INFO  BSP server:   com.swoval.files.NioPathWatcher.handleEvent(NioPathWatcher.java:486)[0m
2026.02.11 18:57:33 INFO  BSP server:   com.swoval.files.NioPathWatcher.access$300(NioPathWatcher.java:35)[0m
2026.02.11 18:57:33 INFO  BSP server:   com.swoval.files.NioPathWatcher$2.accept(NioPathWatcher.java:108)[0m
2026.02.11 18:57:33 INFO  BSP server:   com.swoval.files.NioPathWatcher$2.accept(NioPathWatcher.java:102)[0m
2026.02.11 18:57:33 INFO  BSP server:   com.swoval.files.NioPathWatcherService$2.run(NioPathWatcherService.java:95)[0m
2026.02.11 18:57:33 INFO  BSP server:   com.oracle.svm.core.thread.PlatformThreads.threadStartRoutine(PlatformThreads.java:775)[0m
2026.02.11 18:57:33 INFO  BSP server:   com.oracle.svm.core.posix.thread.PosixPlatformThreads.pthreadStartRoutine(PosixPlatformThreads.java:203)[0m
2026.02.11 18:57:33 INFO  BSP server: [0m
2026.02.11 18:57:33 INFO  BSP server: got error:[0m
2026.02.11 18:57:33 INFO  BSP server: java.nio.file.NoSuchFileException: /home/chooaa/HW_formal_verification/xfuzz/LibAFL/fuzzers/inprocess/libfuzzer_libpng_cmin/corpus[0m
2026.02.11 18:57:33 INFO  BSP server:   java.base@17.0.6/sun.nio.fs.UnixPath.toRealPath(UnixPath.java:825)[0m
2026.02.11 18:57:33 INFO  BSP server:   com.swoval.files.SymlinkWatcher.addSymlink(SymlinkWatcher.java:194)[0m
2026.02.11 18:57:33 INFO  BSP server:   com.swoval.files.SymlinkFollowingPathWatcher$1.onNext(SymlinkFollowingPathWatcher.java:48)[0m
2026.02.11 18:57:33 INFO  BSP server:   com.swoval.files.SymlinkFollowingPathWatcher$1.onNext(SymlinkFollowingPathWatcher.java:36)[0m
2026.02.11 18:57:33 INFO  BSP server:   com.swoval.files.Observers.onNext(Observers.java:31)[0m
2026.02.11 18:57:33 INFO  BSP server:   com.swoval.files.NioPathWatcher.runCallbacks(NioPathWatcher.java:462)[0m
2026.02.11 18:57:33 INFO  BSP server:   com.swoval.files.NioPathWatcher.handleEvent(NioPathWatcher.java:486)[0m
2026.02.11 18:57:33 INFO  BSP server:   com.swoval.files.NioPathWatcher.access$300(NioPathWatcher.java:35)[0m
2026.02.11 18:57:33 INFO  BSP server:   com.swoval.files.NioPathWatcher$2.accept(NioPathWatcher.java:108)[0m
2026.02.11 18:57:33 INFO  BSP server:   com.swoval.files.NioPathWatcher$2.accept(NioPathWatcher.java:102)[0m
2026.02.11 18:57:33 INFO  BSP server:   com.swoval.files.NioPathWatcherService$2.run(NioPathWatcherService.java:95)[0m
2026.02.11 18:57:33 INFO  BSP server:   com.oracle.svm.core.thread.PlatformThreads.threadStartRoutine(PlatformThreads.java:775)[0m
2026.02.11 18:57:33 INFO  BSP server:   com.oracle.svm.core.posix.thread.PosixPlatformThreads.pthreadStartRoutine(PosixPlatformThreads.java:203)[0m
2026.02.11 18:57:33 INFO  BSP server: [0m
2026.02.11 18:57:33 INFO  BSP server: got error:[0m
2026.02.11 18:57:33 INFO  BSP server: java.nio.file.NoSuchFileException: /home/chooaa/HW_formal_verification/xfuzz/LibAFL/fuzzers/inprocess/libfuzzer_libpng_launcher/corpus[0m
2026.02.11 18:57:33 INFO  BSP server:   java.base@17.0.6/sun.nio.fs.UnixPath.toRealPath(UnixPath.java:825)[0m
2026.02.11 18:57:33 INFO  BSP server:   com.swoval.files.SymlinkWatcher.addSymlink(SymlinkWatcher.java:194)[0m
2026.02.11 18:57:33 INFO  BSP server:   com.swoval.files.SymlinkFollowingPathWatcher$1.onNext(SymlinkFollowingPathWatcher.java:48)[0m
2026.02.11 18:57:33 INFO  BSP server:   com.swoval.files.SymlinkFollowingPathWatcher$1.onNext(SymlinkFollowingPathWatcher.java:36)[0m
2026.02.11 18:57:33 INFO  BSP server:   com.swoval.files.Observers.onNext(Observers.java:31)[0m
2026.02.11 18:57:33 INFO  BSP server:   com.swoval.files.NioPathWatcher.runCallbacks(NioPathWatcher.java:462)[0m
2026.02.11 18:57:33 INFO  BSP server:   com.swoval.files.NioPathWatcher.handleEvent(NioPathWatcher.java:486)[0m
2026.02.11 18:57:33 INFO  BSP server:   com.swoval.files.NioPathWatcher.access$300(NioPathWatcher.java:35)[0m
2026.02.11 18:57:33 INFO  BSP server:   com.swoval.files.NioPathWatcher$2.accept(NioPathWatcher.java:108)[0m
2026.02.11 18:57:33 INFO  BSP server:   com.swoval.files.NioPathWatcher$2.accept(NioPathWatcher.java:102)[0m
2026.02.11 18:57:33 INFO  BSP server:   com.swoval.files.NioPathWatcherService$2.run(NioPathWatcherService.java:95)[0m
2026.02.11 18:57:33 INFO  BSP server:   com.oracle.svm.core.thread.PlatformThreads.threadStartRoutine(PlatformThreads.java:775)[0m
2026.02.11 18:57:33 INFO  BSP server:   com.oracle.svm.core.posix.thread.PosixPlatformThreads.pthreadStartRoutine(PosixPlatformThreads.java:203)[0m
2026.02.11 18:57:33 INFO  BSP server: [0m
2026.02.11 18:57:33 INFO  BSP server: got error:[0m
2026.02.11 18:57:33 INFO  BSP server: java.nio.file.NoSuchFileException: /home/chooaa/HW_formal_verification/xfuzz/LibAFL/fuzzers/inprocess/libfuzzer_libpng_norestart/corpus[0m
2026.02.11 18:57:33 INFO  BSP server:   java.base@17.0.6/sun.nio.fs.UnixPath.toRealPath(UnixPath.java:825)[0m
2026.02.11 18:57:33 INFO  BSP server:   com.swoval.files.SymlinkWatcher.addSymlink(SymlinkWatcher.java:194)[0m
2026.02.11 18:57:33 INFO  BSP server:   com.swoval.files.SymlinkFollowingPathWatcher$1.onNext(SymlinkFollowingPathWatcher.java:48)[0m
2026.02.11 18:57:33 INFO  BSP server:   com.swoval.files.SymlinkFollowingPathWatcher$1.onNext(SymlinkFollowingPathWatcher.java:36)[0m
2026.02.11 18:57:33 INFO  BSP server:   com.swoval.files.Observers.onNext(Observers.java:31)[0m
2026.02.11 18:57:33 INFO  BSP server:   com.swoval.files.NioPathWatcher.runCallbacks(NioPathWatcher.java:462)[0m
2026.02.11 18:57:33 INFO  BSP server:   com.swoval.files.NioPathWatcher.handleEvent(NioPathWatcher.java:486)[0m
2026.02.11 18:57:33 INFO  BSP server:   com.swoval.files.NioPathWatcher.access$300(NioPathWatcher.java:35)[0m
2026.02.11 18:57:33 INFO  BSP server:   com.swoval.files.NioPathWatcher$2.accept(NioPathWatcher.java:108)[0m
2026.02.11 18:57:33 INFO  BSP server:   com.swoval.files.NioPathWatcher$2.accept(NioPathWatcher.java:102)[0m
2026.02.11 18:57:33 INFO  BSP server:   com.swoval.files.NioPathWatcherService$2.run(NioPathWatcherService.java:95)[0m
2026.02.11 18:57:33 INFO  BSP server:   com.oracle.svm.core.thread.PlatformThreads.threadStartRoutine(PlatformThreads.java:775)[0m
2026.02.11 18:57:33 INFO  BSP server:   com.oracle.svm.core.posix.thread.PosixPlatformThreads.pthreadStartRoutine(PosixPlatformThreads.java:203)[0m
2026.02.11 18:57:33 INFO  BSP server: [0m
2026.02.11 18:57:33 INFO  BSP server: got error:[0m
2026.02.11 18:57:33 INFO  BSP server: java.nio.file.NoSuchFileException: /home/chooaa/HW_formal_verification/xfuzz/LibAFL/fuzzers/inprocess/libfuzzer_libpng_tcp_manager/corpus[0m
2026.02.11 18:57:33 INFO  BSP server:   java.base@17.0.6/sun.nio.fs.UnixPath.toRealPath(UnixPath.java:825)[0m
2026.02.11 18:57:33 INFO  BSP server:   com.swoval.files.SymlinkWatcher.addSymlink(SymlinkWatcher.java:194)[0m
2026.02.11 18:57:33 INFO  BSP server:   com.swoval.files.SymlinkFollowingPathWatcher$1.onNext(SymlinkFollowingPathWatcher.java:48)[0m
2026.02.11 18:57:33 INFO  BSP server:   com.swoval.files.SymlinkFollowingPathWatcher$1.onNext(SymlinkFollowingPathWatcher.java:36)[0m
2026.02.11 18:57:33 INFO  BSP server:   com.swoval.files.Observers.onNext(Observers.java:31)[0m
2026.02.11 18:57:33 INFO  BSP server:   com.swoval.files.NioPathWatcher.runCallbacks(NioPathWatcher.java:462)[0m
2026.02.11 18:57:33 INFO  BSP server:   com.swoval.files.NioPathWatcher.handleEvent(NioPathWatcher.java:486)[0m
2026.02.11 18:57:33 INFO  BSP server:   com.swoval.files.NioPathWatcher.access$300(NioPathWatcher.java:35)[0m
2026.02.11 18:57:33 INFO  BSP server:   com.swoval.files.NioPathWatcher$2.accept(NioPathWatcher.java:108)[0m
2026.02.11 18:57:33 INFO  BSP server:   com.swoval.files.NioPathWatcher$2.accept(NioPathWatcher.java:102)[0m
2026.02.11 18:57:33 INFO  BSP server:   com.swoval.files.NioPathWatcherService$2.run(NioPathWatcherService.java:95)[0m
2026.02.11 18:57:33 INFO  BSP server:   com.oracle.svm.core.thread.PlatformThreads.threadStartRoutine(PlatformThreads.java:775)[0m
2026.02.11 18:57:33 INFO  BSP server:   com.oracle.svm.core.posix.thread.PosixPlatformThreads.pthreadStartRoutine(PosixPlatformThreads.java:203)[0m
2026.02.11 18:57:33 INFO  BSP server: [0m
2026.02.11 18:57:33 INFO  BSP server: got error:[0m
2026.02.11 18:57:33 INFO  BSP server: java.nio.file.NoSuchFileException: /home/chooaa/HW_formal_verification/xfuzz/LibAFL/fuzzers/inprocess/libfuzzer_stb_image/corpus[0m
2026.02.11 18:57:33 INFO  BSP server:   java.base@17.0.6/sun.nio.fs.UnixPath.toRealPath(UnixPath.java:825)[0m
2026.02.11 18:57:33 INFO  BSP server:   com.swoval.files.SymlinkWatcher.addSymlink(SymlinkWatcher.java:194)[0m
2026.02.11 18:57:33 INFO  BSP server:   com.swoval.files.SymlinkFollowingPathWatcher$1.onNext(SymlinkFollowingPathWatcher.java:48)[0m
2026.02.11 18:57:33 INFO  BSP server:   com.swoval.files.SymlinkFollowingPathWatcher$1.onNext(SymlinkFollowingPathWatcher.java:36)[0m
2026.02.11 18:57:33 INFO  BSP server:   com.swoval.files.Observers.onNext(Observers.java:31)[0m
2026.02.11 18:57:33 INFO  BSP server:   com.swoval.files.NioPathWatcher.runCallbacks(NioPathWatcher.java:462)[0m
2026.02.11 18:57:33 INFO  BSP server:   com.swoval.files.NioPathWatcher.handleEvent(NioPathWatcher.java:486)[0m
2026.02.11 18:57:33 INFO  BSP server:   com.swoval.files.NioPathWatcher.access$300(NioPathWatcher.java:35)[0m
2026.02.11 18:57:33 INFO  BSP server:   com.swoval.files.NioPathWatcher$2.accept(NioPathWatcher.java:108)[0m
2026.02.11 18:57:33 INFO  BSP server:   com.swoval.files.NioPathWatcher$2.accept(NioPathWatcher.java:102)[0m
2026.02.11 18:57:33 INFO  BSP server:   com.swoval.files.NioPathWatcherService$2.run(NioPathWatcherService.java:95)[0m
2026.02.11 18:57:33 INFO  BSP server:   com.oracle.svm.core.thread.PlatformThreads.threadStartRoutine(PlatformThreads.java:775)[0m
2026.02.11 18:57:33 INFO  BSP server:   com.oracle.svm.core.posix.thread.PosixPlatformThreads.pthreadStartRoutine(PosixPlatformThreads.java:203)[0m
2026.02.11 18:57:33 INFO  BSP server: [0m
2026.02.11 18:57:33 INFO  BSP server: got error:[0m
2026.02.11 18:57:33 INFO  BSP server: java.nio.file.NoSuchFileException: /home/chooaa/HW_formal_verification/xfuzz/LibAFL/fuzzers/inprocess/libfuzzer_stb_image_sugar/corpus[0m
2026.02.11 18:57:33 INFO  BSP server:   java.base@17.0.6/sun.nio.fs.UnixPath.toRealPath(UnixPath.java:825)[0m
2026.02.11 18:57:33 INFO  BSP server:   com.swoval.files.SymlinkWatcher.addSymlink(SymlinkWatcher.java:194)[0m
2026.02.11 18:57:33 INFO  BSP server:   com.swoval.files.SymlinkFollowingPathWatcher$1.onNext(SymlinkFollowingPathWatcher.java:48)[0m
2026.02.11 18:57:33 INFO  BSP server:   com.swoval.files.SymlinkFollowingPathWatcher$1.onNext(SymlinkFollowingPathWatcher.java:36)[0m
2026.02.11 18:57:33 INFO  BSP server:   com.swoval.files.Observers.onNext(Observers.java:31)[0m
2026.02.11 18:57:33 INFO  BSP server:   com.swoval.files.NioPathWatcher.runCallbacks(NioPathWatcher.java:462)[0m
2026.02.11 18:57:33 INFO  BSP server:   com.swoval.files.NioPathWatcher.handleEvent(NioPathWatcher.java:486)[0m
2026.02.11 18:57:33 INFO  BSP server:   com.swoval.files.NioPathWatcher.access$300(NioPathWatcher.java:35)[0m
2026.02.11 18:57:33 INFO  BSP server:   com.swoval.files.NioPathWatcher$2.accept(NioPathWatcher.java:108)[0m
2026.02.11 18:57:33 INFO  BSP server:   com.swoval.files.NioPathWatcher$2.accept(NioPathWatcher.java:102)[0m
2026.02.11 18:57:33 INFO  BSP server:   com.swoval.files.NioPathWatcherService$2.run(NioPathWatcherService.java:95)[0m
2026.02.11 18:57:33 INFO  BSP server:   com.oracle.svm.core.thread.PlatformThreads.threadStartRoutine(PlatformThreads.java:775)[0m
2026.02.11 18:57:33 INFO  BSP server:   com.oracle.svm.core.posix.thread.PosixPlatformThreads.pthreadStartRoutine(PosixPlatformThreads.java:203)[0m
2026.02.11 18:57:33 INFO  BSP server: [0m
Feb 11, 2026 7:07:46 PM org.eclipse.lsp4j.jsonrpc.services.GenericEndpoint notify
INFO: Unsupported notification method: $/setTrace
Feb 11, 2026 7:07:46 PM org.eclipse.lsp4j.jsonrpc.services.GenericEndpoint notify
INFO: Unsupported notification method: $/setTrace
